This is pdfTeX, Version 3.141592653-2.6-1.40.25 (MiKTeX 23.5) (preloaded format=pdflatex 2023.8.29)  30 AUG 2023 22:08
entering extended mode
 restricted \write18 enabled.
 file:line:error style messages enabled.
 %&-line parsing enabled.
**"c:/4. Semester/Semantik Web/Ontology/migration-backend/documentation/main.tex"
(c:/4. Semester/Semantik Web/Ontology/migration-backend/documentation/main.tex
LaTeX2e <2023-06-01> patch level 1
L3 programming layer <2023-08-11>
(C:\Users\Nived Stephen\AppData\Local\Programs\MiKTeX\tex/latex/base\article.cls
Document Class: article 2023/05/17 v1.4n Standard LaTeX document class
(C:\Users\Nived Stephen\AppData\Local\Programs\MiKTeX\tex/latex/base\size12.clo
File: size12.clo 2023/05/17 v1.4n Standard LaTeX file (size option)
)
\c@part=\count185
\c@section=\count186
\c@subsection=\count187
\c@subsubsection=\count188
\c@paragraph=\count189
\c@subparagraph=\count190
\c@figure=\count191
\c@table=\count192
\abovecaptionskip=\skip48
\belowcaptionskip=\skip49
\bibindent=\dimen140
) (C:\Users\Nived Stephen\AppData\Local\Programs\MiKTeX\tex/latex/base\inputenc.sty
Package: inputenc 2021/02/14 v1.3d Input encoding file
\inpenc@prehook=\toks17
\inpenc@posthook=\toks18
) (C:\Users\Nived Stephen\AppData\Local\Programs\MiKTeX\tex/generic/babel\babel.sty
Package: babel 2023/07/15 v3.92 The Babel package
\babel@savecnt=\count193
\U@D=\dimen141
\l@unhyphenated=\language79
 (C:\Users\Nived Stephen\AppData\Local\Programs\MiKTeX\tex/generic/babel\txtbabel.def)
\bbl@readstream=\read2
\bbl@dirlevel=\count194

*************************************
* Local config file bblopts.cfg used
*
(C:\Users\Nived Stephen\AppData\Local\Programs\MiKTeX\tex/latex/arabi\bblopts.cfg
File: bblopts.cfg 2005/09/08 v0.1 add Arabic and Farsi to "declared" options of babel
) (C:\Users\Nived Stephen\AppData\Local\Programs\MiKTeX\tex/latex/babel-german\german.ldf
Language: german 2021/02/27 v2.13 German support for babel (pre-1996 orthography)
 (C:\Users\Nived Stephen\AppData\Local\Programs\MiKTeX\tex/latex/babel-german\germanb.ldf
Language: germanb 2021/02/27 v2.13 German support for babel (pre-1996 orthography)
Package babel Info: Making " an active character on input line 139.
))) (C:\Users\Nived Stephen\AppData\Local\Programs\MiKTeX\tex/generic/babel/locale/de\babel-german.tex
Package babel Info: Importing font and identification data for german
(babel)             from babel-de-1901.ini. Reported on input line 25.
) (C:\Users\Nived Stephen\AppData\Local\Programs\MiKTeX\tex/latex/hyperref\hyperref.sty
Package: hyperref 2023-07-08 v7.01b Hypertext links for LaTeX
 (C:\Users\Nived Stephen\AppData\Local\Programs\MiKTeX\tex/generic/ltxcmds\ltxcmds.sty
Package: ltxcmds 2020-05-10 v1.25 LaTeX kernel commands for general use (HO)
) (C:\Users\Nived Stephen\AppData\Local\Programs\MiKTeX\tex/generic/iftex\iftex.sty
Package: iftex 2022/02/03 v1.0f TeX engine tests
) (C:\Users\Nived Stephen\AppData\Local\Programs\MiKTeX\tex/generic/pdftexcmds\pdftexcmds.sty
Package: pdftexcmds 2020-06-27 v0.33 Utility functions of pdfTeX for LuaTeX (HO)
 (C:\Users\Nived Stephen\AppData\Local\Programs\MiKTeX\tex/generic/infwarerr\infwarerr.sty
Package: infwarerr 2019/12/03 v1.5 Providing info/warning/error messages (HO)
)
Package pdftexcmds Info: \pdf@primitive is available.
Package pdftexcmds Info: \pdf@ifprimitive is available.
Package pdftexcmds Info: \pdfdraftmode found.
) (C:\Users\Nived Stephen\AppData\Local\Programs\MiKTeX\tex/latex/graphics\keyval.sty
Package: keyval 2022/05/29 v1.15 key=value parser (DPC)
\KV@toks@=\toks19
) (C:\Users\Nived Stephen\AppData\Local\Programs\MiKTeX\tex/latex/kvsetkeys\kvsetkeys.sty
Package: kvsetkeys 2022-10-05 v1.19 Key value parser (HO)
) (C:\Users\Nived Stephen\AppData\Local\Programs\MiKTeX\tex/generic/kvdefinekeys\kvdefinekeys.sty
Package: kvdefinekeys 2019-12-19 v1.6 Define keys (HO)
) (C:\Users\Nived Stephen\AppData\Local\Programs\MiKTeX\tex/generic/pdfescape\pdfescape.sty
Package: pdfescape 2019/12/09 v1.15 Implements pdfTeX's escape features (HO)
) (C:\Users\Nived Stephen\AppData\Local\Programs\MiKTeX\tex/latex/hycolor\hycolor.sty
Package: hycolor 2020-01-27 v1.10 Color options for hyperref/bookmark (HO)
) (C:\Users\Nived Stephen\AppData\Local\Programs\MiKTeX\tex/latex/letltxmacro\letltxmacro.sty
Package: letltxmacro 2019/12/03 v1.6 Let assignment for LaTeX macros (HO)
) (C:\Users\Nived Stephen\AppData\Local\Programs\MiKTeX\tex/latex/auxhook\auxhook.sty
Package: auxhook 2019-12-17 v1.6 Hooks for auxiliary files (HO)
) (C:\Users\Nived Stephen\AppData\Local\Programs\MiKTeX\tex/latex/hyperref\nameref.sty
Package: nameref 2023-08-07 v2.53 Cross-referencing by name of section
 (C:\Users\Nived Stephen\AppData\Local\Programs\MiKTeX\tex/latex/refcount\refcount.sty
Package: refcount 2019/12/15 v3.6 Data extraction from label references (HO)
) (C:\Users\Nived Stephen\AppData\Local\Programs\MiKTeX\tex/generic/gettitlestring\gettitlestring.sty
Package: gettitlestring 2019/12/15 v1.6 Cleanup title references (HO)
 (C:\Users\Nived Stephen\AppData\Local\Programs\MiKTeX\tex/latex/kvoptions\kvoptions.sty
Package: kvoptions 2022-06-15 v3.15 Key value format for package options (HO)
))
\c@section@level=\count195
) (C:\Users\Nived Stephen\AppData\Local\Programs\MiKTeX\tex/latex/etoolbox\etoolbox.sty
Package: etoolbox 2020/10/05 v2.5k e-TeX tools for LaTeX (JAW)
\etb@tempcnta=\count196
)
\@linkdim=\dimen142
\Hy@linkcounter=\count197
\Hy@pagecounter=\count198
 (C:\Users\Nived Stephen\AppData\Local\Programs\MiKTeX\tex/latex/hyperref\pd1enc.def
File: pd1enc.def 2023-07-08 v7.01b Hyperref: PDFDocEncoding definition (HO)
Now handling font encoding PD1 ...
... no UTF-8 mapping file for font encoding PD1
) (C:\Users\Nived Stephen\AppData\Local\Programs\MiKTeX\tex/generic/intcalc\intcalc.sty
Package: intcalc 2019/12/15 v1.3 Expandable calculations with integers (HO)
)
\Hy@SavedSpaceFactor=\count199
 (C:\Users\Nived Stephen\AppData\Local\Programs\MiKTeX\tex/latex/hyperref\puenc.def
File: puenc.def 2023-07-08 v7.01b Hyperref: PDF Unicode definition (HO)
Now handling font encoding PU ...
... no UTF-8 mapping file for font encoding PU
)
Package hyperref Info: Hyper figures OFF on input line 4167.
Package hyperref Info: Link nesting OFF on input line 4172.
Package hyperref Info: Hyper index ON on input line 4175.
Package hyperref Info: Plain pages OFF on input line 4182.
Package hyperref Info: Backreferencing OFF on input line 4187.
Package hyperref Info: Implicit mode ON; LaTeX internals redefined.
Package hyperref Info: Bookmarks ON on input line 4434.
\c@Hy@tempcnt=\count266
 (C:\Users\Nived Stephen\AppData\Local\Programs\MiKTeX\tex/latex/url\url.sty
\Urlmuskip=\muskip16
Package: url 2013/09/16  ver 3.4  Verb mode for urls, etc.
)
LaTeX Info: Redefining \url on input line 4772.
\XeTeXLinkMargin=\dimen143
 (C:\Users\Nived Stephen\AppData\Local\Programs\MiKTeX\tex/generic/bitset\bitset.sty
Package: bitset 2019/12/09 v1.3 Handle bit-vector datatype (HO)
 (C:\Users\Nived Stephen\AppData\Local\Programs\MiKTeX\tex/generic/bigintcalc\bigintcalc.sty
Package: bigintcalc 2019/12/15 v1.5 Expandable calculations on big integers (HO)
))
\Fld@menulength=\count267
\Field@Width=\dimen144
\Fld@charsize=\dimen145
Package hyperref Info: Hyper figures OFF on input line 6051.
Package hyperref Info: Link nesting OFF on input line 6056.
Package hyperref Info: Hyper index ON on input line 6059.
Package hyperref Info: backreferencing OFF on input line 6066.
Package hyperref Info: Link coloring OFF on input line 6071.
Package hyperref Info: Link coloring with OCG OFF on input line 6076.
Package hyperref Info: PDF/A mode OFF on input line 6081.
 (C:\Users\Nived Stephen\AppData\Local\Programs\MiKTeX\tex/latex/base\atbegshi-ltx.sty
Package: atbegshi-ltx 2021/01/10 v1.0c Emulation of the original atbegshi
package with kernel methods
)
\Hy@abspage=\count268
\c@Item=\count269
\c@Hfootnote=\count270
)
Package hyperref Info: Driver (autodetected): hpdftex.
 (C:\Users\Nived Stephen\AppData\Local\Programs\MiKTeX\tex/latex/hyperref\hpdftex.def
File: hpdftex.def 2023-07-08 v7.01b Hyperref driver for pdfTeX
 (C:\Users\Nived Stephen\AppData\Local\Programs\MiKTeX\tex/latex/base\atveryend-ltx.sty
Package: atveryend-ltx 2020/08/19 v1.0a Emulation of the original atveryend package
with kernel methods
)
\Fld@listcount=\count271
\c@bookmark@seq@number=\count272
 (C:\Users\Nived Stephen\AppData\Local\Programs\MiKTeX\tex/latex/rerunfilecheck\rerunfilecheck.sty
Package: rerunfilecheck 2022-07-10 v1.10 Rerun checks for auxiliary files (HO)
 (C:\Users\Nived Stephen\AppData\Local\Programs\MiKTeX\tex/generic/uniquecounter\uniquecounter.sty
Package: uniquecounter 2019/12/15 v1.4 Provide unlimited unique counter (HO)
)
Package uniquecounter Info: New unique counter `rerunfilecheck' on input line 285.
)
\Hy@SectionHShift=\skip50
) (C:\Users\Nived Stephen\AppData\Local\Programs\MiKTeX\tex/latex/graphics\graphicx.sty
Package: graphicx 2021/09/16 v1.2d Enhanced LaTeX Graphics (DPC,SPQR)
 (C:\Users\Nived Stephen\AppData\Local\Programs\MiKTeX\tex/latex/graphics\graphics.sty
Package: graphics 2022/03/10 v1.4e Standard LaTeX Graphics (DPC,SPQR)
 (C:\Users\Nived Stephen\AppData\Local\Programs\MiKTeX\tex/latex/graphics\trig.sty
Package: trig 2021/08/11 v1.11 sin cos tan (DPC)
) (C:\Users\Nived Stephen\AppData\Local\Programs\MiKTeX\tex/latex/graphics-cfg\graphics.cfg
File: graphics.cfg 2016/06/04 v1.11 sample graphics configuration
)
Package graphics Info: Driver file: pdftex.def on input line 107.
 (C:\Users\Nived Stephen\AppData\Local\Programs\MiKTeX\tex/latex/graphics-def\pdftex.def
File: pdftex.def 2022/09/22 v1.2b Graphics/color driver for pdftex
))
\Gin@req@height=\dimen146
\Gin@req@width=\dimen147
) (C:\Users\Nived Stephen\AppData\Local\Programs\MiKTeX\tex/latex/titling\titling.sty
Package: titling 2009/09/04 v2.1d maketitle typesetting
\thanksmarkwidth=\skip51
\thanksmargin=\skip52
\droptitle=\skip53
) (C:\Users\Nived Stephen\AppData\Local\Programs\MiKTeX\tex/latex/tools\array.sty
Package: array 2022/09/04 v2.5g Tabular extension package (FMi)
\col@sep=\dimen148
\ar@mcellbox=\box51
\extrarowheight=\dimen149
\NC@list=\toks20
\extratabsurround=\skip54
\backup@length=\skip55
\ar@cellbox=\box52
) (C:\Users\Nived Stephen\AppData\Local\Programs\MiKTeX\tex/latex/l3backend\l3backend-pdftex.def
File: l3backend-pdftex.def 2023-04-19 L3 backend support: PDF output (pdfTeX)
\l__color_backend_stack_int=\count273
\l__pdf_internal_box=\box53
) (main.aux)
\openout1 = `main.aux'.

LaTeX Font Info:    Checking defaults for OML/cmm/m/it on input line 13.
LaTeX Font Info:    ... okay on input line 13.
LaTeX Font Info:    Checking defaults for OMS/cmsy/m/n on input line 13.
LaTeX Font Info:    ... okay on input line 13.
LaTeX Font Info:    Checking defaults for OT1/cmr/m/n on input line 13.
LaTeX Font Info:    ... okay on input line 13.
LaTeX Font Info:    Checking defaults for T1/cmr/m/n on input line 13.
LaTeX Font Info:    ... okay on input line 13.
LaTeX Font Info:    Checking defaults for TS1/cmr/m/n on input line 13.
LaTeX Font Info:    ... okay on input line 13.
LaTeX Font Info:    Checking defaults for OMX/cmex/m/n on input line 13.
LaTeX Font Info:    ... okay on input line 13.
LaTeX Font Info:    Checking defaults for U/cmr/m/n on input line 13.
LaTeX Font Info:    ... okay on input line 13.
LaTeX Font Info:    Checking defaults for PD1/pdf/m/n on input line 13.
LaTeX Font Info:    ... okay on input line 13.
LaTeX Font Info:    Checking defaults for PU/pdf/m/n on input line 13.
LaTeX Font Info:    ... okay on input line 13.
Package hyperref Info: Link coloring OFF on input line 13.
 (main.out) (main.out)
\@outlinefile=\write3
\openout3 = `main.out'.

 (C:\Users\Nived Stephen\AppData\Local\Programs\MiKTeX\tex/context/base/mkii\supp-pdf.mkii
[Loading MPS to PDF converter (version 2006.09.02).]
\scratchcounter=\count274
\scratchdimen=\dimen150
\scratchbox=\box54
\nofMPsegments=\count275
\nofMParguments=\count276
\everyMPshowfont=\toks21
\MPscratchCnt=\count277
\MPscratchDim=\dimen151
\MPnumerator=\count278
\makeMPintoPDFobject=\count279
\everyMPtoPDFconversion=\toks22
) (C:\Users\Nived Stephen\AppData\Local\Programs\MiKTeX\tex/latex/epstopdf-pkg\epstopdf-base.sty
Package: epstopdf-base 2020-01-24 v2.11 Base part for package epstopdf
Package epstopdf-base Info: Redefining graphics rule for `.eps' on input line 485.
 (C:\Users\Nived Stephen\AppData\Local\Programs\MiKTeX\tex/latex/00miktex\epstopdf-sys.cfg
File: epstopdf-sys.cfg 2021/03/18 v2.0 Configuration of epstopdf for MiKTeX
))
LaTeX Font Info:    External font `cmex10' loaded for size
(Font)              <14.4> on input line 16.
LaTeX Font Info:    External font `cmex10' loaded for size
(Font)              <7> on input line 16.
 [1

{C:/Users/Nived Stephen/AppData/Local/MiKTeX/fonts/map/pdftex/pdftex.map}] (main.toc
LaTeX Font Info:    External font `cmex10' loaded for size
(Font)              <12> on input line 3.
LaTeX Font Info:    External font `cmex10' loaded for size
(Font)              <8> on input line 3.
LaTeX Font Info:    External font `cmex10' loaded for size
(Font)              <6> on input line 3.
)
\tf@toc=\write4
\openout4 = `main.toc'.


pdfTeX warning (ext4): destination with the same identifier (name{page.1}) has been already used, duplicate ignored
<to be read again> 
                   \relax 
l.26 \end{titlepage}
                     [1]
Overfull \hbox (1.8765pt too wide) in paragraph at lines 35--37
\OT1/cmr/m/n/12 tief-grei-fen-de Ein-blicke in das Ver-hal-ten, die Ver-tei-lung und die Ver[]anderungen
 []


Overfull \hbox (6.41116pt too wide) in paragraph at lines 41--43
\OT1/cmr/m/n/12 In-for-ma-tio-nen zu Ausl[]andern, Schutz-su-chen-den, Al-ters-grup-pen und Auf-
 []


pdfTeX warning (ext4): destination with the same identifier (name{page.1}) has been already used, duplicate ignored
<to be read again> 
                   \relax 
l.45     \item I
                ntegration in Graph Datenbank: \\ [1]
Underfull \hbox (badness 10000) in paragraph at lines 61--62
\OT1/cmr/m/n/12 register (AZR) er-fasst. In-for-ma-tio-nen []uber re-gi-strier-te Schutz-
 []


Overfull \hbox (0.42099pt too wide) in paragraph at lines 61--62
\OT1/cmr/m/n/12 suchende k[]onnen aus der GENESIS-Online-Datenbank des Sta-ti-sti-schen Bun-
 []

[2]
Underfull \hbox (badness 10000) in paragraph at lines 68--70

 []


Underfull \hbox (badness 10000) in paragraph at lines 68--70

 []


Underfull \hbox (badness 10000) in paragraph at lines 73--80

 []


Overfull \hbox (5.2002pt too wide) in paragraph at lines 73--80
\OT1/cmtt/m/n/12 migration-backend/-/blob/main/Ontology/migrationOntology.ttl#> . 
 []


Underfull \hbox (badness 10000) in paragraph at lines 73--80

 []


Overfull \hbox (3.70842pt too wide) in paragraph at lines 84--85
\OT1/cmr/m/n/12 Ontologie-Modell ver-wen-det wer-den. Je-de Klas-se re-pr[]asentiert einen be-stimm-
 []


Underfull \hbox (badness 10000) in paragraph at lines 84--85

 []

[3]
Underfull \hbox (badness 10000) in paragraph at lines 103--104

 []


Overfull \hbox (38.04613pt too wide) in paragraph at lines 105--121
[][] 
 []


Underfull \hbox (badness 10000) in paragraph at lines 124--125

 []

[4]
Overfull \hbox (28.52243pt too wide) in paragraph at lines 126--165
[][] 
 []

<migration.png, id=140, 786.43813pt x 873.2625pt>
File: migration.png Graphic file (type png)
<use migration.png>
Package pdftex.def Info: migration.png  used on input line 169.
(pdftex.def)             Requested size: 390.0pt x 433.07242pt.

Underfull \hbox (badness 10000) in paragraph at lines 167--171

 []


Underfull \hbox (badness 10000) in paragraph at lines 167--171

 []

[5]
Overfull \hbox (8.43977pt too wide) in paragraph at lines 172--172
[]\OT1/cmr/bx/n/17.28 Extraktion und Auf-be-rei-tung re-le-van-ter Da-
 []

[6 <./migration.png>]
<Frage1.jpg, id=152, 1202.99437pt x 418.56375pt>
File: Frage1.jpg Graphic file (type jpg)
<use Frage1.jpg>
Package pdftex.def Info: Frage1.jpg  used on input line 189.
(pdftex.def)             Requested size: 390.0pt x 135.6931pt.

Underfull \hbox (badness 10000) in paragraph at lines 188--190

 []


Overfull \hbox (29.3747pt too wide) in paragraph at lines 188--190
[] 
 []


Underfull \hbox (badness 10000) in paragraph at lines 188--190

 []

[7]
<Frage2.jpg, id=157, 1204.5pt x 480.29437pt>
File: Frage2.jpg Graphic file (type jpg)
<use Frage2.jpg>
Package pdftex.def Info: Frage2.jpg  used on input line 191.
(pdftex.def)             Requested size: 390.0pt x 155.51485pt.

Underfull \hbox (badness 10000) in paragraph at lines 190--192

 []


Overfull \hbox (29.3747pt too wide) in paragraph at lines 190--192
[] 
 []


Underfull \hbox (badness 10000) in paragraph at lines 190--192

 []

<Frage3.jpg, id=158, 1204.5pt x 417.05812pt>
File: Frage3.jpg Graphic file (type jpg)
<use Frage3.jpg>
Package pdftex.def Info: Frage3.jpg  used on input line 193.
(pdftex.def)             Requested size: 390.0pt x 135.03954pt.

Underfull \hbox (badness 10000) in paragraph at lines 192--194

 []


Overfull \hbox (29.3747pt too wide) in paragraph at lines 192--194
[] 
 []


Underfull \hbox (badness 10000) in paragraph at lines 192--194

 []

<Frage4.jpg, id=159, 2475.2475pt x 737.75626pt>
File: Frage4.jpg Graphic file (type jpg)
<use Frage4.jpg>
Package pdftex.def Info: Frage4.jpg  used on input line 195.
(pdftex.def)             Requested size: 390.0pt x 116.23099pt.

Underfull \hbox (badness 10000) in paragraph at lines 194--196

 []


Overfull \hbox (29.3747pt too wide) in paragraph at lines 194--196
[] 
 []


Underfull \hbox (badness 10000) in paragraph at lines 194--196

 []

[8 <./Frage1.jpg> <./Frage2.jpg> <./Frage3.jpg>]
<Frage5.jpg, id=167, 1243.64626pt x 343.2825pt>
File: Frage5.jpg Graphic file (type jpg)
<use Frage5.jpg>
Package pdftex.def Info: Frage5.jpg  used on input line 197.
(pdftex.def)             Requested size: 390.0pt x 107.65265pt.

Underfull \hbox (badness 10000) in paragraph at lines 196--198

 []


Overfull \hbox (29.3747pt too wide) in paragraph at lines 196--198
[] 
 []


Underfull \hbox (badness 10000) in paragraph at lines 196--198

 []

<Frage6.jpg, id=168, 1237.62375pt x 383.93437pt>
File: Frage6.jpg Graphic file (type jpg)
<use Frage6.jpg>
Package pdftex.def Info: Frage6.jpg  used on input line 199.
(pdftex.def)             Requested size: 390.0pt x 120.98683pt.

Underfull \hbox (badness 10000) in paragraph at lines 198--200

 []


Overfull \hbox (29.3747pt too wide) in paragraph at lines 198--200
[] 
 []


Underfull \hbox (badness 10000) in paragraph at lines 198--200

 []

<Frage7.jpg, id=169, 1243.64626pt x 358.33875pt>
File: Frage7.jpg Graphic file (type jpg)
<use Frage7.jpg>
Package pdftex.def Info: Frage7.jpg  used on input line 201.
(pdftex.def)             Requested size: 390.0pt x 112.37427pt.

Underfull \hbox (badness 10000) in paragraph at lines 200--202

 []


Overfull \hbox (29.3747pt too wide) in paragraph at lines 200--202
[] 
 []


Underfull \hbox (badness 10000) in paragraph at lines 200--202

 []

[9 <./Frage4.jpg> <./Frage5.jpg> <./Frage6.jpg>]
Underfull \hbox (badness 10000) in paragraph at lines 205--208

 []


Overfull \hbox (2.11539pt too wide) in paragraph at lines 205--208
\OT1/cmr/m/n/12 nis-se f[]ur so-zia-le Dien-ste, Stadt-pla-nung und Po-li-tik. Zu-sam-men-fas-send er[]offnet
 []

[10 <./Frage7.jpg>] (main.aux)
 ***********
LaTeX2e <2023-06-01> patch level 1
L3 programming layer <2023-08-11>
 ***********
Package rerunfilecheck Info: File `main.out' has not changed.
(rerunfilecheck)             Checksum: 79B22D8F63514A603B3951A8C0A44F72;3427.
 ) 
Here is how much of TeX's memory you used:
 9763 strings out of 475503
 157955 string characters out of 5758022
 1929248 words of memory out of 5000000
 30881 multiletter control sequences out of 15000+600000
 563406 words of font info for 54 fonts, out of 8000000 for 9000
 1141 hyphenation exceptions out of 8191
 75i,7n,79p,907b,540s stack positions out of 10000i,1000n,20000p,200000b,200000s
<C:/Users/Nived Stephen/AppData/Local/Programs/MiKTeX/fonts/type1/public/amsfonts/cm/cmbx12.pfb><C:/Users/Nived Stephen/AppData/Local/Programs/MiKTeX/fonts/type1/public/amsfonts/cm/cmr12.pfb><C:/Users/Nived Stephen/AppData/Local/Programs/MiKTeX/fonts/type1/public/amsfonts/cm/cmr17.pfb><C:/Users/Nived Stephen/AppData/Local/Programs/MiKTeX/fonts/type1/public/amsfonts/cm/cmtt12.pfb>
Output written on main.pdf (12 pages, 1106967 bytes).
PDF statistics:
 213 PDF objects out of 1000 (max. 8388607)
 43 named destinations out of 1000 (max. 500000)
 201 words of extra memory for PDF output out of 10000 (max. 10000000)

