\BOOKMARK [1][-]{section.1}{\376\377\000E\000i\000n\000l\000e\000i\000t\000u\000n\000g}{}% 1
\BOOKMARK [2][-]{subsection.1.1}{\376\377\000H\000i\000n\000t\000e\000r\000g\000r\000u\000n\000d}{section.1}% 2
\BOOKMARK [2][-]{subsection.1.2}{\376\377\000Z\000i\000e\000l\000s\000e\000t\000z\000u\000n\000g}{section.1}% 3
\BOOKMARK [2][-]{subsection.1.3}{\376\377\000M\000e\000t\000h\000o\000d\000i\000k}{section.1}% 4
\BOOKMARK [1][-]{section.2}{\376\377\000R\000e\000l\000e\000v\000a\000n\000t\000e\000\040\000D\000a\000t\000e\000n\000q\000u\000e\000l\000l\000e\000n}{}% 5
\BOOKMARK [2][-]{subsection.2.1}{\376\377\000B\000e\000v\000\366\000l\000k\000e\000r\000u\000n\000g\000\040\000i\000n\000s\000g\000e\000s\000a\000m\000t\000\040\000u\000n\000d\000\040\000A\000u\000s\000l\000\344\000n\000d\000e\000r\000a\000n\000t\000e\000i\000l}{section.2}% 6
\BOOKMARK [2][-]{subsection.2.2}{\376\377\000A\000u\000s\000l\000\344\000n\000d\000i\000s\000c\000h\000e\000\040\000B\000e\000v\000\366\000l\000k\000e\000r\000u\000n\000g}{section.2}% 7
\BOOKMARK [2][-]{subsection.2.3}{\376\377\000S\000c\000h\000u\000t\000z\000s\000u\000c\000h\000e\000n\000d\000e}{section.2}% 8
\BOOKMARK [2][-]{subsection.2.4}{\376\377\000M\000e\000d\000i\000a\000W\000i\000k\000i\000\040\000A\000c\000t\000i\000o\000n\000\040\000A\000P\000I}{section.2}% 9
\BOOKMARK [1][-]{section.3}{\376\377\000O\000n\000t\000o\000l\000o\000g\000i\000e}{}% 10
\BOOKMARK [2][-]{subsection.3.1}{\376\377\000V\000o\000k\000a\000b\000u\000l\000a\000r}{section.3}% 11
\BOOKMARK [3][-]{subsubsection.3.1.1}{\376\377\000P\000r\000\344\000f\000i\000x\000e}{subsection.3.1}% 12
\BOOKMARK [3][-]{subsubsection.3.1.2}{\376\377\000K\000l\000a\000s\000s\000e\000n\000d\000e\000f\000i\000n\000i\000t\000i\000o\000n\000e\000n\000\040\000\050\000C\000l\000a\000s\000s\000\040\000D\000e\000f\000i\000n\000i\000t\000i\000o\000n\000s\000\051}{subsection.3.1}% 13
\BOOKMARK [3][-]{subsubsection.3.1.3}{\376\377\000O\000b\000j\000e\000k\000t\000e\000i\000g\000e\000n\000s\000c\000h\000a\000f\000t\000e\000n\000\040\000\050\000O\000b\000j\000e\000c\000t\000\040\000P\000r\000o\000p\000e\000r\000t\000i\000e\000s\000\051}{subsection.3.1}% 14
\BOOKMARK [3][-]{subsubsection.3.1.4}{\376\377\000D\000a\000t\000e\000n\000t\000y\000p\000-\000E\000i\000g\000e\000n\000s\000c\000h\000a\000f\000t\000e\000n\000\040\000\050\000D\000a\000t\000a\000t\000y\000p\000e\000\040\000P\000r\000o\000p\000e\000r\000t\000i\000e\000s\000\051}{subsection.3.1}% 15
\BOOKMARK [3][-]{subsubsection.3.1.5}{\376\377\000O\000n\000t\000o\000l\000o\000g\000i\000e\000\040\000\050\000G\000r\000a\000p\000h\000i\000s\000c\000h\000\051}{subsection.3.1}% 16
\BOOKMARK [1][-]{section.4}{\376\377\000E\000x\000t\000r\000a\000k\000t\000i\000o\000n\000\040\000u\000n\000d\000\040\000A\000u\000f\000b\000e\000r\000e\000i\000t\000u\000n\000g\000\040\000r\000e\000l\000e\000v\000a\000n\000t\000e\000r\000\040\000D\000a\000t\000e\000n}{}% 17
\BOOKMARK [1][-]{section.5}{\376\377\000S\000P\000A\000R\000Q\000L\000-\000A\000n\000f\000r\000a\000g\000e}{}% 18
\BOOKMARK [2][-]{subsection.5.1}{\376\377\000K\000o\000m\000p\000e\000t\000e\000n\000z\000f\000r\000a\000g\000e\000n\000\040\000u\000n\000d\000\040\000E\000r\000g\000e\000b\000n\000i\000s\000s\000e}{section.5}% 19
\BOOKMARK [1][-]{section.6}{\376\377\000E\000r\000g\000e\000b\000n\000i\000s\000s\000e\000\040\000u\000n\000d\000\040\000B\000e\000d\000e\000u\000t\000u\000n\000g}{}% 20
